build/app/intermediates/manifest_merge_blame_file/debug/manifest-merger-blame-debug-report.txt
1<?xml version="1.0" encoding="utf-8"?>
2<manifest xmlns:android="http://schemas.android.com/apk/res/android"
3    package="com.example.flutter_demo"
4    android:versionCode="1"
5    android:versionName="1.0.0" >
6
7    <uses-sdk
8        android:minSdkVersion="19"
9        android:targetSdkVersion="33" />
10    <!--
11         The INTERNET permission is required for development. Specifically,
12         the Flutter tool needs it to communicate with the running application
13         to allow setting breakpoints, to provide hot reload, etc.
14    -->
15    <uses-permission android:name="android.permission.INTERNET" />
15-->src\debug\AndroidManifest.xml:6:5-66
15-->src\debug\AndroidManifest.xml:6:22-64
16
17    <uses-feature
17-->src\main\AndroidManifest.xml:4:5-7:36
18        android:name="android.hardware.camera"
18-->src\main\AndroidManifest.xml:5:9-47
19        android:required="false" />
19-->src\main\AndroidManifest.xml:6:9-33
20
21    <uses-permission android:name="android.permission.RECORD_AUDIO" />
21-->src\main\AndroidManifest.xml:9:5-70
21-->src\main\AndroidManifest.xml:9:22-68
22    <uses-permission android:name="android.permission.CAMERA" />
22-->src\main\AndroidManifest.xml:10:5-64
22-->src\main\AndroidManifest.xml:10:22-62
23    <uses-permission android:name="android.permission.WRITE_EXTERNAL_STORAGE" />
23-->src\main\AndroidManifest.xml:11:5-80
23-->src\main\AndroidManifest.xml:11:22-78
24    <uses-permission android:name="android.permission.ACCESS_FINE_LOCATION" />
24-->src\main\AndroidManifest.xml:12:5-78
24-->src\main\AndroidManifest.xml:12:22-76
25    <uses-permission android:name="android.permission.READ_EXTERNAL_STORAGE" />
25-->[:file_picker] AndroidManifest.xml:9:5-80
25-->[:file_picker] AndroidManifest.xml:9:22-77
26
27    <queries>
27-->[:file_picker] AndroidManifest.xml:11:5-17:15
28        <intent>
28-->[:file_picker] AndroidManifest.xml:12:9-16:18
29            <action android:name="android.intent.action.GET_CONTENT" />
29-->[:file_picker] AndroidManifest.xml:13:13-72
29-->[:file_picker] AndroidManifest.xml:13:21-69
30
31            <data android:mimeType="*/*" />
31-->[:file_picker] AndroidManifest.xml:15:13-44
31-->[:file_picker] AndroidManifest.xml:15:19-41
32        </intent>
33    </queries>
34
35    <uses-permission android:name="android.permission.ACCESS_NETWORK_STATE" />
35-->[com.google.firebase:firebase-auth:22.1.1] AndroidManifest.xml:26:5-79
35-->[com.google.firebase:firebase-auth:22.1.1] AndroidManifest.xml:26:22-76
36    <uses-permission android:name="android.permission.WAKE_LOCK" />
36-->[com.google.android.gms:play-services-measurement-api:21.3.0] AndroidManifest.xml:24:5-68
36-->[com.google.android.gms:play-services-measurement-api:21.3.0] AndroidManifest.xml:24:22-65
37    <uses-permission android:name="com.google.android.gms.permission.AD_ID" />
37-->[com.google.android.gms:play-services-measurement-api:21.3.0] AndroidManifest.xml:25:5-79
37-->[com.google.android.gms:play-services-measurement-api:21.3.0] AndroidManifest.xml:25:22-76
38    <uses-permission android:name="com.google.android.finsky.permission.BIND_GET_INSTALL_REFERRER_SERVICE" />
38-->[com.google.android.gms:play-services-measurement:21.3.0] AndroidManifest.xml:26:5-110
38-->[com.google.android.gms:play-services-measurement:21.3.0] AndroidManifest.xml:26:22-107
39
40    <permission
40-->[androidx.core:core:1.10.1] AndroidManifest.xml:22:5-24:47
41        android:name="com.example.flutter_demo.DYNAMIC_RECEIVER_NOT_EXPORTED_PERMISSION"
41-->[androidx.core:core:1.10.1] AndroidManifest.xml:23:9-81
42        android:protectionLevel="signature" />
42-->[androidx.core:core:1.10.1] AndroidManifest.xml:24:9-44
43
44    <uses-permission android:name="com.example.flutter_demo.DYNAMIC_RECEIVER_NOT_EXPORTED_PERMISSION" />
44-->[androidx.core:core:1.10.1] AndroidManifest.xml:26:5-97
44-->[androidx.core:core:1.10.1] AndroidManifest.xml:26:22-94
45
46    <application
47        android:name="android.app.Application"
48        android:appComponentFactory="androidx.core.app.CoreComponentFactory"
48-->[androidx.core:core:1.10.1] AndroidManifest.xml:28:18-86
49        android:debuggable="true"
50        android:icon="@mipmap/ic_launcher"
51        android:label="Current Location" >
52        <activity
53            android:name="com.example.flutter_demo.MainActivity"
54            android:configChanges="orientation|keyboardHidden|keyboard|screenSize|smallestScreenSize|locale|layoutDirection|fontScale|screenLayout|density|uiMode"
55            android:exported="true"
56            android:hardwareAccelerated="true"
57            android:launchMode="singleTop"
58            android:theme="@style/LaunchTheme"
59            android:windowSoftInputMode="adjustResize" >
60
61            <!--
62                 Specifies an Android theme to apply to this Activity as soon as
63                 the Android process has started. This theme is visible to the user
64                 while the Flutter UI initializes. After that, this theme continues
65                 to determine the Window background behind the Flutter UI.
66            -->
67            <meta-data
68                android:name="io.flutter.embedding.android.NormalTheme"
69                android:resource="@style/NormalTheme" />
70
71            <intent-filter>
72                <action android:name="android.intent.action.MAIN" />
73
74                <category android:name="android.intent.category.LAUNCHER" />
75            </intent-filter>
76        </activity>
77        <!--
78             Don't delete the meta-data below.
79             This is used by the Flutter tool to generate GeneratedPluginRegistrant.java
80        -->
81        <meta-data
82            android:name="flutterEmbedding"
83            android:value="2" />
84
85        <service
85-->[:cloud_firestore] AndroidManifest.xml:10:9-14:19
86            android:name="com.google.firebase.components.ComponentDiscoveryService"
86-->[:cloud_firestore] AndroidManifest.xml:10:18-89
87            android:directBootAware="true"
87-->[com.google.firebase:firebase-common:20.3.3] AndroidManifest.xml:34:13-43
88            android:exported="false" >
88-->[com.google.firebase:firebase-analytics-ktx:21.3.0] AndroidManifest.xml:10:13-37
89            <meta-data
89-->[:cloud_firestore] AndroidManifest.xml:11:13-13:85
90                android:name="com.google.firebase.components:io.flutter.plugins.firebase.firestore.FlutterFirebaseFirestoreRegistrar"
90-->[:cloud_firestore] AndroidManifest.xml:12:17-134
91                android:value="com.google.firebase.components.ComponentRegistrar" />
91-->[:cloud_firestore] AndroidManifest.xml:13:17-82
92            <meta-data
92-->[:firebase_auth] AndroidManifest.xml:11:13-13:85
93                android:name="com.google.firebase.components:io.flutter.plugins.firebase.auth.FlutterFirebaseAuthRegistrar"
93-->[:firebase_auth] AndroidManifest.xml:12:17-124
94                android:value="com.google.firebase.components.ComponentRegistrar" />
94-->[:firebase_auth] AndroidManifest.xml:13:17-82
95            <meta-data
95-->[:firebase_core] AndroidManifest.xml:11:13-13:85
96                android:name="com.google.firebase.components:io.flutter.plugins.firebase.core.FlutterFirebaseCoreRegistrar"
96-->[:firebase_core] AndroidManifest.xml:12:17-124
97                android:value="com.google.firebase.components.ComponentRegistrar" />
97-->[:firebase_core] AndroidManifest.xml:13:17-82
98            <meta-data
98-->[com.google.firebase:firebase-analytics-ktx:21.3.0] AndroidManifest.xml:11:13-13:85
99                android:name="com.google.firebase.components:com.google.firebase.analytics.ktx.FirebaseAnalyticsKtxRegistrar"
99-->[com.google.firebase:firebase-analytics-ktx:21.3.0] AndroidManifest.xml:12:17-126
100                android:value="com.google.firebase.components.ComponentRegistrar" />
100-->[com.google.firebase:firebase-analytics-ktx:21.3.0] AndroidManifest.xml:13:17-82
101            <meta-data
101-->[com.google.firebase:firebase-common-ktx:20.3.3] AndroidManifest.xml:14:13-16:85
102                android:name="com.google.firebase.components:com.google.firebase.ktx.FirebaseCommonKtxRegistrar"
102-->[com.google.firebase:firebase-common-ktx:20.3.3] AndroidManifest.xml:15:17-113
103                android:value="com.google.firebase.components.ComponentRegistrar" />
103-->[com.google.firebase:firebase-common-ktx:20.3.3] AndroidManifest.xml:16:17-82
104            <meta-data
104-->[com.google.firebase:firebase-auth:22.1.1] AndroidManifest.xml:69:13-71:85
105                android:name="com.google.firebase.components:com.google.firebase.auth.FirebaseAuthRegistrar"
105-->[com.google.firebase:firebase-auth:22.1.1] AndroidManifest.xml:70:17-109
106                android:value="com.google.firebase.components.ComponentRegistrar" />
106-->[com.google.firebase:firebase-auth:22.1.1] AndroidManifest.xml:71:17-82
107            <meta-data
107-->[com.google.firebase:firebase-firestore:24.7.0] AndroidManifest.xml:19:13-21:85
108                android:name="com.google.firebase.components:com.google.firebase.firestore.FirestoreRegistrar"
108-->[com.google.firebase:firebase-firestore:24.7.0] AndroidManifest.xml:20:17-111
109                android:value="com.google.firebase.components.ComponentRegistrar" />
109-->[com.google.firebase:firebase-firestore:24.7.0] AndroidManifest.xml:21:17-82
110            <meta-data
110-->[com.google.android.gms:play-services-measurement-api:21.3.0] AndroidManifest.xml:31:13-33:85
111                android:name="com.google.firebase.components:com.google.firebase.analytics.connector.internal.AnalyticsConnectorRegistrar"
111-->[com.google.android.gms:play-services-measurement-api:21.3.0] AndroidManifest.xml:32:17-139
112                android:value="com.google.firebase.components.ComponentRegistrar" />
112-->[com.google.android.gms:play-services-measurement-api:21.3.0] AndroidManifest.xml:33:17-82
113            <meta-data
113-->[com.google.firebase:firebase-installations:17.1.4] AndroidManifest.xml:15:13-17:85
114                android:name="com.google.firebase.components:com.google.firebase.installations.FirebaseInstallationsRegistrar"
114-->[com.google.firebase:firebase-installations:17.1.4] AndroidManifest.xml:16:17-127
115                android:value="com.google.firebase.components.ComponentRegistrar" />
115-->[com.google.firebase:firebase-installations:17.1.4] AndroidManifest.xml:17:17-82
116        </service>
117        <service
117-->[:geolocator_android] AndroidManifest.xml:10:9-14:56
118            android:name="com.baseflow.geolocator.GeolocatorLocationService"
118-->[:geolocator_android] AndroidManifest.xml:11:13-77
119            android:enabled="true"
119-->[:geolocator_android] AndroidManifest.xml:12:13-35
120            android:exported="false"
120-->[:geolocator_android] AndroidManifest.xml:13:13-37
121            android:foregroundServiceType="location" />
121-->[:geolocator_android] AndroidManifest.xml:14:13-53
122
123        <provider
123-->[:image_picker_android] AndroidManifest.xml:10:9-18:20
124            android:name="io.flutter.plugins.imagepicker.ImagePickerFileProvider"
124-->[:image_picker_android] AndroidManifest.xml:11:13-82
125            android:authorities="com.example.flutter_demo.flutter.image_provider"
125-->[:image_picker_android] AndroidManifest.xml:12:13-74
126            android:exported="false"
126-->[:image_picker_android] AndroidManifest.xml:13:13-37
127            android:grantUriPermissions="true" >
127-->[:image_picker_android] AndroidManifest.xml:14:13-47
128            <meta-data
128-->[:image_picker_android] AndroidManifest.xml:15:13-17:75
129                android:name="android.support.FILE_PROVIDER_PATHS"
129-->[:image_picker_android] AndroidManifest.xml:16:17-67
130                android:resource="@xml/flutter_image_picker_file_paths" />
130-->[:image_picker_android] AndroidManifest.xml:17:17-72
131        </provider>
132
133        <activity
133-->[com.google.firebase:firebase-auth:22.1.1] AndroidManifest.xml:29:9-46:20
134            android:name="com.google.firebase.auth.internal.GenericIdpActivity"
134-->[com.google.firebase:firebase-auth:22.1.1] AndroidManifest.xml:30:13-80
135            android:excludeFromRecents="true"
135-->[com.google.firebase:firebase-auth:22.1.1] AndroidManifest.xml:31:13-46
136            android:exported="true"
136-->[com.google.firebase:firebase-auth:22.1.1] AndroidManifest.xml:32:13-36
137            android:launchMode="singleTask"
137-->[com.google.firebase:firebase-auth:22.1.1] AndroidManifest.xml:33:13-44
138            android:theme="@android:style/Theme.Translucent.NoTitleBar" >
138-->[com.google.firebase:firebase-auth:22.1.1] AndroidManifest.xml:34:13-72
139            <intent-filter>
139-->[com.google.firebase:firebase-auth:22.1.1] AndroidManifest.xml:35:13-45:29
140                <action android:name="android.intent.action.VIEW" />
140-->[com.google.firebase:firebase-auth:22.1.1] AndroidManifest.xml:36:17-69
140-->[com.google.firebase:firebase-auth:22.1.1] AndroidManifest.xml:36:25-66
141
142                <category android:name="android.intent.category.DEFAULT" />
142-->[com.google.firebase:firebase-auth:22.1.1] AndroidManifest.xml:38:17-76
142-->[com.google.firebase:firebase-auth:22.1.1] AndroidManifest.xml:38:27-73
143                <category android:name="android.intent.category.BROWSABLE" />
143-->[com.google.firebase:firebase-auth:22.1.1] AndroidManifest.xml:39:17-78
143-->[com.google.firebase:firebase-auth:22.1.1] AndroidManifest.xml:39:27-75
144
145                <data
145-->[:file_picker] AndroidManifest.xml:15:13-44
146                    android:host="firebase.auth"
147                    android:path="/"
148                    android:scheme="genericidp" />
149            </intent-filter>
150        </activity>
151        <activity
151-->[com.google.firebase:firebase-auth:22.1.1] AndroidManifest.xml:47:9-64:20
152            android:name="com.google.firebase.auth.internal.RecaptchaActivity"
152-->[com.google.firebase:firebase-auth:22.1.1] AndroidManifest.xml:48:13-79
153            android:excludeFromRecents="true"
153-->[com.google.firebase:firebase-auth:22.1.1] AndroidManifest.xml:49:13-46
154            android:exported="true"
154-->[com.google.firebase:firebase-auth:22.1.1] AndroidManifest.xml:50:13-36
155            android:launchMode="singleTask"
155-->[com.google.firebase:firebase-auth:22.1.1] AndroidManifest.xml:51:13-44
156            android:theme="@android:style/Theme.Translucent.NoTitleBar" >
156-->[com.google.firebase:firebase-auth:22.1.1] AndroidManifest.xml:52:13-72
157            <intent-filter>
157-->[com.google.firebase:firebase-auth:22.1.1] AndroidManifest.xml:53:13-63:29
158                <action android:name="android.intent.action.VIEW" />
158-->[com.google.firebase:firebase-auth:22.1.1] AndroidManifest.xml:36:17-69
158-->[com.google.firebase:firebase-auth:22.1.1] AndroidManifest.xml:36:25-66
159
160                <category android:name="android.intent.category.DEFAULT" />
160-->[com.google.firebase:firebase-auth:22.1.1] AndroidManifest.xml:38:17-76
160-->[com.google.firebase:firebase-auth:22.1.1] AndroidManifest.xml:38:27-73
161                <category android:name="android.intent.category.BROWSABLE" />
161-->[com.google.firebase:firebase-auth:22.1.1] AndroidManifest.xml:39:17-78
161-->[com.google.firebase:firebase-auth:22.1.1] AndroidManifest.xml:39:27-75
162
163                <data
163-->[:file_picker] AndroidManifest.xml:15:13-44
164                    android:host="firebase.auth"
165                    android:path="/"
166                    android:scheme="recaptcha" />
167            </intent-filter>
168        </activity>
169        <activity
169-->[com.google.android.gms:play-services-auth:20.6.0] AndroidManifest.xml:23:9-27:75
170            android:name="com.google.android.gms.auth.api.signin.internal.SignInHubActivity"
170-->[com.google.android.gms:play-services-auth:20.6.0] AndroidManifest.xml:24:13-93
171            android:excludeFromRecents="true"
171-->[com.google.android.gms:play-services-auth:20.6.0] AndroidManifest.xml:25:13-46
172            android:exported="false"
172-->[com.google.android.gms:play-services-auth:20.6.0] AndroidManifest.xml:26:13-37
173            android:theme="@android:style/Theme.Translucent.NoTitleBar" />
173-->[com.google.android.gms:play-services-auth:20.6.0] AndroidManifest.xml:27:13-72
174        <!--
175            Service handling Google Sign-In user revocation. For apps that do not integrate with
176            Google Sign-In, this service will never be started.
177        -->
178        <service
178-->[com.google.android.gms:play-services-auth:20.6.0] AndroidManifest.xml:33:9-37:51
179            android:name="com.google.android.gms.auth.api.signin.RevocationBoundService"
179-->[com.google.android.gms:play-services-auth:20.6.0] AndroidManifest.xml:34:13-89
180            android:exported="true"
180-->[com.google.android.gms:play-services-auth:20.6.0] AndroidManifest.xml:35:13-36
181            android:permission="com.google.android.gms.auth.api.signin.permission.REVOCATION_NOTIFICATION"
181-->[com.google.android.gms:play-services-auth:20.6.0] AndroidManifest.xml:36:13-107
182            android:visibleToInstantApps="true" />
182-->[com.google.android.gms:play-services-auth:20.6.0] AndroidManifest.xml:37:13-48
183
184        <activity
184-->[com.google.android.gms:play-services-base:18.1.0] AndroidManifest.xml:20:9-22:45
185            android:name="com.google.android.gms.common.api.GoogleApiActivity"
185-->[com.google.android.gms:play-services-base:18.1.0] AndroidManifest.xml:20:19-85
186            android:exported="false"
186-->[com.google.android.gms:play-services-base:18.1.0] AndroidManifest.xml:22:19-43
187            android:theme="@android:style/Theme.Translucent.NoTitleBar" />
187-->[com.google.android.gms:play-services-base:18.1.0] AndroidManifest.xml:21:19-78
188
189        <provider
189-->[com.google.firebase:firebase-common:20.3.3] AndroidManifest.xml:25:9-30:39
190            android:name="com.google.firebase.provider.FirebaseInitProvider"
190-->[com.google.firebase:firebase-common:20.3.3] AndroidManifest.xml:26:13-77
191            android:authorities="com.example.flutter_demo.firebaseinitprovider"
191-->[com.google.firebase:firebase-common:20.3.3] AndroidManifest.xml:27:13-72
192            android:directBootAware="true"
192-->[com.google.firebase:firebase-common:20.3.3] AndroidManifest.xml:28:13-43
193            android:exported="false"
193-->[com.google.firebase:firebase-common:20.3.3] AndroidManifest.xml:29:13-37
194            android:initOrder="100" />
194-->[com.google.firebase:firebase-common:20.3.3] AndroidManifest.xml:30:13-36
195
196        <receiver
196-->[com.google.android.gms:play-services-measurement:21.3.0] AndroidManifest.xml:29:9-33:20
197            android:name="com.google.android.gms.measurement.AppMeasurementReceiver"
197-->[com.google.android.gms:play-services-measurement:21.3.0] AndroidManifest.xml:30:13-85
198            android:enabled="true"
198-->[com.google.android.gms:play-services-measurement:21.3.0] AndroidManifest.xml:31:13-35
199            android:exported="false" >
199-->[com.google.android.gms:play-services-measurement:21.3.0] AndroidManifest.xml:32:13-37
200        </receiver>
201
202        <service
202-->[com.google.android.gms:play-services-measurement:21.3.0] AndroidManifest.xml:35:9-38:40
203            android:name="com.google.android.gms.measurement.AppMeasurementService"
203-->[com.google.android.gms:play-services-measurement:21.3.0] AndroidManifest.xml:36:13-84
204            android:enabled="true"
204-->[com.google.android.gms:play-services-measurement:21.3.0] AndroidManifest.xml:37:13-35
205            android:exported="false" />
205-->[com.google.android.gms:play-services-measurement:21.3.0] AndroidManifest.xml:38:13-37
206        <service
206-->[com.google.android.gms:play-services-measurement:21.3.0] AndroidManifest.xml:39:9-43:72
207            android:name="com.google.android.gms.measurement.AppMeasurementJobService"
207-->[com.google.android.gms:play-services-measurement:21.3.0] AndroidManifest.xml:40:13-87
208            android:enabled="true"
208-->[com.google.android.gms:play-services-measurement:21.3.0] AndroidManifest.xml:41:13-35
209            android:exported="false"
209-->[com.google.android.gms:play-services-measurement:21.3.0] AndroidManifest.xml:42:13-37
210            android:permission="android.permission.BIND_JOB_SERVICE" />
210-->[com.google.android.gms:play-services-measurement:21.3.0] AndroidManifest.xml:43:13-69
211
212        <meta-data
212-->[com.google.android.gms:play-services-basement:18.2.0] AndroidManifest.xml:21:9-23:69
213            android:name="com.google.android.gms.version"
213-->[com.google.android.gms:play-services-basement:18.2.0] AndroidManifest.xml:22:13-58
214            android:value="@integer/google_play_services_version" />
214-->[com.google.android.gms:play-services-basement:18.2.0] AndroidManifest.xml:23:13-66
215
216        <uses-library
216-->[androidx.window:window:1.0.0-beta04] AndroidManifest.xml:25:9-27:40
217            android:name="androidx.window.extensions"
217-->[androidx.window:window:1.0.0-beta04] AndroidManifest.xml:26:13-54
218            android:required="false" />
218-->[androidx.window:window:1.0.0-beta04] AndroidManifest.xml:27:13-37
219        <uses-library
219-->[androidx.window:window:1.0.0-beta04] AndroidManifest.xml:28:9-30:40
220            android:name="androidx.window.sidecar"
220-->[androidx.window:window:1.0.0-beta04] AndroidManifest.xml:29:13-51
221            android:required="false" />
221-->[androidx.window:window:1.0.0-beta04] AndroidManifest.xml:30:13-37
222
223        <provider
223-->[androidx.profileinstaller:profileinstaller:1.3.0] AndroidManifest.xml:24:9-32:20
224            android:name="androidx.startup.InitializationProvider"
224-->[androidx.profileinstaller:profileinstaller:1.3.0] AndroidManifest.xml:25:13-67
225            android:authorities="com.example.flutter_demo.androidx-startup"
225-->[androidx.profileinstaller:profileinstaller:1.3.0] AndroidManifest.xml:26:13-68
226            android:exported="false" >
226-->[androidx.profileinstaller:profileinstaller:1.3.0] AndroidManifest.xml:27:13-37
227            <meta-data
227-->[androidx.profileinstaller:profileinstaller:1.3.0] AndroidManifest.xml:29:13-31:52
228                android:name="androidx.profileinstaller.ProfileInstallerInitializer"
228-->[androidx.profileinstaller:profileinstaller:1.3.0] AndroidManifest.xml:30:17-85
229                android:value="androidx.startup" />
229-->[androidx.profileinstaller:profileinstaller:1.3.0] AndroidManifest.xml:31:17-49
230        </provider>
231
232        <receiver
232-->[androidx.profileinstaller:profileinstaller:1.3.0] AndroidManifest.xml:34:9-52:20
233            android:name="androidx.profileinstaller.ProfileInstallReceiver"
233-->[androidx.profileinstaller:profileinstaller:1.3.0] AndroidManifest.xml:35:13-76
234            android:directBootAware="false"
234-->[androidx.profileinstaller:profileinstaller:1.3.0] AndroidManifest.xml:36:13-44
235            android:enabled="true"
235-->[androidx.profileinstaller:profileinstaller:1.3.0] AndroidManifest.xml:37:13-35
236            android:exported="true"
236-->[androidx.profileinstaller:profileinstaller:1.3.0] AndroidManifest.xml:38:13-36
237            android:permission="android.permission.DUMP" >
237-->[androidx.profileinstaller:profileinstaller:1.3.0] AndroidManifest.xml:39:13-57
238            <intent-filter>
238-->[androidx.profileinstaller:profileinstaller:1.3.0] AndroidManifest.xml:40:13-42:29
239                <action android:name="androidx.profileinstaller.action.INSTALL_PROFILE" />
239-->[androidx.profileinstaller:profileinstaller:1.3.0] AndroidManifest.xml:41:17-91
239-->[androidx.profileinstaller:profileinstaller:1.3.0] AndroidManifest.xml:41:25-88
240            </intent-filter>
241            <intent-filter>
241-->[androidx.profileinstaller:profileinstaller:1.3.0] AndroidManifest.xml:43:13-45:29
242                <action android:name="androidx.profileinstaller.action.SKIP_FILE" />
242-->[androidx.profileinstaller:profileinstaller:1.3.0] AndroidManifest.xml:44:17-85
242-->[androidx.profileinstaller:profileinstaller:1.3.0] AndroidManifest.xml:44:25-82
243            </intent-filter>
244            <intent-filter>
244-->[androidx.profileinstaller:profileinstaller:1.3.0] AndroidManifest.xml:46:13-48:29
245                <action android:name="androidx.profileinstaller.action.SAVE_PROFILE" />
245-->[androidx.profileinstaller:profileinstaller:1.3.0] AndroidManifest.xml:47:17-88
245-->[androidx.profileinstaller:profileinstaller:1.3.0] AndroidManifest.xml:47:25-85
246            </intent-filter>
247            <intent-filter>
247-->[androidx.profileinstaller:profileinstaller:1.3.0] AndroidManifest.xml:49:13-51:29
248                <action android:name="androidx.profileinstaller.action.BENCHMARK_OPERATION" />
248-->[androidx.profileinstaller:profileinstaller:1.3.0] AndroidManifest.xml:50:17-95
248-->[androidx.profileinstaller:profileinstaller:1.3.0] AndroidManifest.xml:50:25-92
249            </intent-filter>
250        </receiver>
251    </application>
252
253</manifest>